<?xml version="1.0" encoding="UTF-8"?>
<testsuite name="com.csc.TestGroceryCounter" tests="7" skipped="0" failures="0" errors="0" timestamp="2024-09-16T00:19:52" hostname="CHRIS-LAPTOP" time="0.023">
  <properties/>
  <testcase name="testOne()" classname="com.csc.TestGroceryCounter" time="0.014"/>
  <testcase name="testSix()" classname="com.csc.TestGroceryCounter" time="0.002"/>
  <testcase name="testTwo()" classname="com.csc.TestGroceryCounter" time="0.0"/>
  <testcase name="testThree()" classname="com.csc.TestGroceryCounter" time="0.001"/>
  <testcase name="testFive()" classname="com.csc.TestGroceryCounter" time="0.001"/>
  <testcase name="testFour()" classname="com.csc.TestGroceryCounter" time="0.001"/>
  <testcase name="testZero()" classname="com.csc.TestGroceryCounter" time="0.001"/>
  <system-out><![CDATA[]]></system-out>
  <system-err><![CDATA[]]></system-err>
</testsuite>
